Traceback (most recent call last):
  File "/usr/local/lib/python3.8/site-packages/jupyter_cache/executors/utils.py", line 51, in single_nb_execution
    executenb(
  File "/usr/local/lib/python3.8/site-packages/nbclient/client.py", line 1087, in execute
    return NotebookClient(nb=nb, resources=resources, km=km, **kwargs).execute()
  File "/usr/local/lib/python3.8/site-packages/nbclient/util.py", line 74, in wrapped
    return just_run(coro(*args, **kwargs))
  File "/usr/local/lib/python3.8/site-packages/nbclient/util.py", line 53, in just_run
    return loop.run_until_complete(coro)
  File "/usr/local/Cellar/python@3.8/3.8.5/Frameworks/Python.framework/Versions/3.8/lib/python3.8/asyncio/base_events.py", line 616, in run_until_complete
    return future.result()
  File "/usr/local/lib/python3.8/site-packages/nbclient/client.py", line 540, in async_execute
    await self.async_execute_cell(
  File "/usr/local/lib/python3.8/site-packages/nbclient/client.py", line 832, in async_execute_cell
    self._check_raise_for_error(cell, exec_reply)
  File "/usr/local/lib/python3.8/site-packages/nbclient/client.py", line 740, in _check_raise_for_error
    raise CellExecutionError.from_cell_and_msg(cell, exec_reply['content'])
nbclient.exceptions.CellExecutionError: An error occurred while executing the following cell:
------------------
lr_model = LinearRegression()
lr_model.fit(Xtrain,ytrain)
print("Train score:",lr_model.score(Xtrain,ytrain))
print("Test score:",lr_model.score(Xtest,ytest))

plot_decision_regions(Xtrain,ytrain,classifier=lr_model)
plt.title("Train Data")
plt.show()
plot_decision_regions(Xtest,ytest,classifier=lr_model)
plt.title("Linear Regression : Test Data Acc %.2f"%(lr_model.score(Xtest,ytest)))
plt.show()
------------------

[0;31m---------------------------------------------------------------------------[0m
[0;31mNameError[0m                                 Traceback (most recent call last)
[0;32m<ipython-input-8-4af3c011dd21>[0m in [0;36m<module>[0;34m[0m
[0;32m----> 1[0;31m [0mlr_model[0m [0;34m=[0m [0mLinearRegression[0m[0;34m([0m[0;34m)[0m[0;34m[0m[0;34m[0m[0m
[0m[1;32m      2[0m [0mlr_model[0m[0;34m.[0m[0mfit[0m[0;34m([0m[0mXtrain[0m[0;34m,[0m[0mytrain[0m[0;34m)[0m[0;34m[0m[0;34m[0m[0m
[1;32m      3[0m [0mprint[0m[0;34m([0m[0;34m"Train score:"[0m[0;34m,[0m[0mlr_model[0m[0;34m.[0m[0mscore[0m[0;34m([0m[0mXtrain[0m[0;34m,[0m[0mytrain[0m[0;34m)[0m[0;34m)[0m[0;34m[0m[0;34m[0m[0m
[1;32m      4[0m [0mprint[0m[0;34m([0m[0;34m"Test score:"[0m[0;34m,[0m[0mlr_model[0m[0;34m.[0m[0mscore[0m[0;34m([0m[0mXtest[0m[0;34m,[0m[0mytest[0m[0;34m)[0m[0;34m)[0m[0;34m[0m[0;34m[0m[0m
[1;32m      5[0m [0;34m[0m[0m

[0;31mNameError[0m: name 'LinearRegression' is not defined
NameError: name 'LinearRegression' is not defined

